<?xml version="1.0" encoding="UTF-8"?>
<!-- Generated by org.testng.reporters.JUnitReportReporter -->
<testsuite skipped="0" hostname="DESKTOP-QA3LEUT" name="tests.TestStaff" tests="4" failures="0" timestamp="08 jun 2021 10:41:13 GMT" time="32.133" errors="0">
  <testcase name="testAddEmployee" time="7.890" classname="tests.TestStaff"/>
  <testcase name="testAddEmployees" time="7.046" classname="tests.TestStaff"/>
  <testcase name="testChangeEmpName" time="5.377" classname="tests.TestStaff"/>
  <testcase name="testUploadPic" time="11.820" classname="tests.TestStaff"/>
</testsuite> <!-- tests.TestStaff -->
