<?xml version="1.0" encoding="UTF-8"?>
<!-- Generated by org.testng.reporters.JUnitReportReporter -->
<testsuite skipped="0" hostname="DESKTOP-QA3LEUT" name="tests.TestDashboard" tests="11" failures="0" timestamp="07 jun 2021 11:46:36 GMT" time="13.832" errors="0">
  <testcase name="testLogo" time="3.786" classname="tests.TestDashboard"/>
  <testcase name="testDashboard" time="0.279" classname="tests.TestDashboard"/>
  <testcase name="testShiftPlanning" time="0.505" classname="tests.TestDashboard"/>
  <testcase name="testTimeClock" time="0.156" classname="tests.TestDashboard"/>
  <testcase name="testLeave" time="0.199" classname="tests.TestDashboard"/>
  <testcase name="testTraining" time="0.224" classname="tests.TestDashboard"/>
  <testcase name="testStaff" time="0.125" classname="tests.TestDashboard"/>
  <testcase name="testAvailability" time="0.808" classname="tests.TestDashboard"/>
  <testcase name="testPayroll" time="7.285" classname="tests.TestDashboard"/>
  <testcase name="testReports" time="0.341" classname="tests.TestDashboard"/>
  <testcase name="testSettings" time="0.124" classname="tests.TestDashboard"/>
</testsuite> <!-- tests.TestDashboard -->
