<?xml version="1.0" encoding="UTF-8"?>
<!-- Generated by org.testng.reporters.JUnitReportReporter -->
<testsuite skipped="0" hostname="DESKTOP-QA3LEUT" name="tests.TestHumanity" tests="2" failures="0" timestamp="04 jun 2021 18:32:11 GMT" time="22.163" errors="0">
  <testcase name="testAboutBtn" time="6.005" classname="tests.TestHumanity"/>
  <testcase name="testValidLogin" time="16.158" classname="tests.TestHumanity"/>
</testsuite> <!-- tests.TestHumanity -->
